<?xml version='1.0' encoding='UTF-8'?>
<testsuite hostname="DESKTOP-9LB40F3" name="Test1" tests="1" errors="0" failures="0" skipped="0" time="0.151" timestamp="2021-10-28T18:48:53">
          <properties>
[...]
</properties>
          <testcase classname="Test1" name="Main should have a bar as String of Form '+----+----+----+----+----+----+----+'" time="0.151">
                      
                    </testcase>
          <system-out><![CDATA[]]></system-out>
          <system-err><![CDATA[]]></system-err>
        </testsuite>