<?xml version='1.0' encoding='UTF-8'?>
<testsuite hostname="DESKTOP-1RPCEEH" name="Test1" tests="6" errors="0" failures="0" skipped="0" time="0.038" timestamp="2021-10-28T19:15:40">
          <properties>
[...]
</properties>
          <testcase classname="Test1" name="Main should have a bar as String of Form '+----+----+----+----+----+----+----+'" time="0.037">
                      
                    </testcase><testcase classname="Test1" name="Main should have a scalable bar" time="0.001">
                      
                    </testcase><testcase classname="Test1" name="Main should have a cell as String of Form '|   |   |   |" time="0.0">
                      
                    </testcase><testcase classname="Test1" name="Main should have a scalable cell" time="0.0">
                      
                    </testcase><testcase classname="Test1" name="Main should have a player as String of Form 'Spieler 1 : + eol + +----+----+----+----+----+----+----+ + eol + |    |    |    |    |    |    |    | + eol + +----+----+----+----+----+----+----+" time="0.0">
                      
                    </testcase><testcase classname="Test1" name="Main should have a number of players with varying cards" time="0.0">
                      
                    </testcase>
          <system-out><![CDATA[]]></system-out>
          <system-err><![CDATA[]]></system-err>
        </testsuite>